<?xml version="1.0" encoding="UTF-8"?>
<!-- Generated by org.testng.reporters.JUnitReportReporter -->
<testsuite hostname="Abhinavs-MBP.attlocal.net" failures="0" tests="1" name="com.testscenarios.TS_02_LoginAndLogout" time="26.028" errors="0" timestamp="2024-10-14T08:45:04 CDT" skipped="0">
  <testcase classname="com.testscenarios.TS_02_LoginAndLogout" name="f" time="26.028"/>
</testsuite> <!-- com.testscenarios.TS_02_LoginAndLogout -->
